{
  "6b324661b693b901d5c05bb8568f1b5c" : {
    "statistic" : {
      "failed" : 0,
      "broken" : 0,
      "skipped" : 0,
      "passed" : 1,
      "unknown" : 0,
      "total" : 1
    },
    "items" : [ {
      "uid" : "7faa99cef478616f",
      "reportUrl" : "http://example.org/build#13/AllureReport/#testresult/7faa99cef478616f",
      "status" : "passed",
      "time" : {
        "start" : 1626840955884,
        "stop" : 1626840956471,
        "duration" : 587
      }
    } ]
  },
  "795789f08f950741430813bc89cb26a6" : {
    "statistic" : {
      "failed" : 1,
      "broken" : 0,
      "skipped" : 0,
      "passed" : 0,
      "unknown" : 0,
      "total" : 1
    },
    "items" : [ {
      "uid" : "1835e50a02517687",
      "reportUrl" : "http://example.org/build#13/AllureReport/#testresult/1835e50a02517687",
      "status" : "failed",
      "statusDetails" : "AssertionError: \u001B[93m\n\nassert_expectations() called at\u001B[0m\n\u001B[4m\u001B[94m\"/Users/neerajsharma/AutomationProjects/IndependentAutomation/framework_webtesting/test_api/test_web_be_api.py:32\"\u001B[0m\u001B[93m in test_web_be_api_url()\n\n\u001B[91m\u001B[4mFailed Expectations : 1\n\u001B[0m\n1: \u001B[91mFailed at \"\u001B[0m\u001B[94m\u001B[4m/Users/neerajsharma/AutomationProjects/IndependentAutomation/framework_webtesting/test_api/test_web_be_api.py:29\u001B[0m\u001B[91m\", in test_web_be_api_url()\n\t\u001B[1m\u001B[4mErrorMessage:\u001B[0m\u001B[91m\tExpected message: Ok and actual message: OK not matching\u001B[0m\n            delayed_assert.expect(argvals['ExpectedMessage'] == rs_json['message'],",
      "time" : {
        "start" : 1626840957132,
        "stop" : 1626840957378,
        "duration" : 246
      }
    } ]
  },
  "a6f797be131751cfcc325b8336c05209" : {
    "statistic" : {
      "failed" : 1,
      "broken" : 0,
      "skipped" : 0,
      "passed" : 0,
      "unknown" : 0,
      "total" : 1
    },
    "items" : [ {
      "uid" : "5119571ff71bedaf",
      "reportUrl" : "http://example.org/build#13/AllureReport/#testresult/5119571ff71bedaf",
      "status" : "failed",
      "statusDetails" : "AssertionError: \u001B[93m\n\nassert_expectations() called at\u001B[0m\n\u001B[4m\u001B[94m\"/Users/neerajsharma/AutomationProjects/IndependentAutomation/framework_webtesting/test_api/test_web_be_api.py:32\"\u001B[0m\u001B[93m in test_web_be_api_url()\n\n\u001B[91m\u001B[4mFailed Expectations : 1\n\u001B[0m\n1: \u001B[91mFailed at \"\u001B[0m\u001B[94m\u001B[4m/Users/neerajsharma/AutomationProjects/IndependentAutomation/framework_webtesting/test_api/test_web_be_api.py:29\u001B[0m\u001B[91m\", in test_web_be_api_url()\n\t\u001B[1m\u001B[4mErrorMessage:\u001B[0m\u001B[91m\tExpected message: Ok and actual message: OK not matching\u001B[0m\n            delayed_assert.expect(argvals['ExpectedMessage'] == rs_json['message'],",
      "time" : {
        "start" : 1626840957604,
        "stop" : 1626840957832,
        "duration" : 228
      }
    } ]
  },
  "89f876471e1207d7dd5d0d5127c3f52f" : {
    "statistic" : {
      "failed" : 0,
      "broken" : 0,
      "skipped" : 0,
      "passed" : 1,
      "unknown" : 0,
      "total" : 1
    },
    "items" : [ {
      "uid" : "f53be608eb2c45c7",
      "reportUrl" : "http://example.org/build#13/AllureReport/#testresult/f53be608eb2c45c7",
      "status" : "passed",
      "time" : {
        "start" : 1626840957387,
        "stop" : 1626840957600,
        "duration" : 213
      }
    } ]
  },
  "1c375761f674db1ff5a6ad4b2d39b428" : {
    "statistic" : {
      "failed" : 0,
      "broken" : 0,
      "skipped" : 0,
      "passed" : 1,
      "unknown" : 0,
      "total" : 1
    },
    "items" : [ {
      "uid" : "ba3964ba9eb5a775",
      "reportUrl" : "http://example.org/build#13/AllureReport/#testresult/ba3964ba9eb5a775",
      "status" : "passed",
      "time" : {
        "start" : 1626840956655,
        "stop" : 1626840956949,
        "duration" : 294
      }
    } ]
  },
  "c777656995fd71507a871980b6ed0bbc" : {
    "statistic" : {
      "failed" : 0,
      "broken" : 1,
      "skipped" : 0,
      "passed" : 0,
      "unknown" : 0,
      "total" : 1
    },
    "items" : [ {
      "uid" : "fc9fd980c4dff5a1",
      "reportUrl" : "http://example.org/build#13/AllureReport/#testresult/fc9fd980c4dff5a1",
      "status" : "broken",
      "statusDetails" : "KeyError: 'ExpectedMessage'",
      "time" : {
        "start" : 1626840956475,
        "stop" : 1626840956643,
        "duration" : 168
      }
    } ]
  },
  "55411a621b861c0002a314d4cbaad222" : {
    "statistic" : {
      "failed" : 0,
      "broken" : 1,
      "skipped" : 0,
      "passed" : 0,
      "unknown" : 0,
      "total" : 1
    },
    "items" : [ {
      "uid" : "d4589c52e52a51fd",
      "reportUrl" : "http://example.org/build#13/AllureReport/#testresult/d4589c52e52a51fd",
      "status" : "broken",
      "statusDetails" : "KeyError: 'ExpectedMessage'",
      "time" : {
        "start" : 1626840956953,
        "stop" : 1626840957125,
        "duration" : 172
      }
    } ]
  },
  "e7fa5538189f939db2d2a7adb6439db5" : {
    "statistic" : {
      "failed" : 1,
      "broken" : 0,
      "skipped" : 0,
      "passed" : 0,
      "unknown" : 0,
      "total" : 1
    },
    "items" : [ {
      "uid" : "30ff01edd58d4e64",
      "reportUrl" : "http://example.org/build#13/AllureReport/#testresult/30ff01edd58d4e64",
      "status" : "failed",
      "statusDetails" : "AssertionError: \u001B[93m\n\nassert_expectations() called at\u001B[0m\n\u001B[4m\u001B[94m\"/Users/neerajsharma/AutomationProjects/IndependentAutomation/framework_webtesting/test_api/test_web_be_api.py:32\"\u001B[0m\u001B[93m in test_web_be_api_url()\n\n\u001B[91m\u001B[4mFailed Expectations : 1\n\u001B[0m\n1: \u001B[91mFailed at \"\u001B[0m\u001B[94m\u001B[4m/Users/neerajsharma/AutomationProjects/IndependentAutomation/framework_webtesting/test_api/test_web_be_api.py:29\u001B[0m\u001B[91m\", in test_web_be_api_url()\n\t\u001B[1m\u001B[4mErrorMessage:\u001B[0m\u001B[91m\tExpected message: The code field is required. and actual message: The given data was invalid. not matching\u001B[0m\n            delayed_assert.expect(argvals['ExpectedMessage'] == rs_json['message'],",
      "time" : {
        "start" : 1626840957841,
        "stop" : 1626840958089,
        "duration" : 248
      }
    } ]
  }
}