{
  "6b324661b693b901d5c05bb8568f1b5c" : {
    "statistic" : {
      "failed" : 0,
      "broken" : 0,
      "skipped" : 0,
      "passed" : 1,
      "unknown" : 0,
      "total" : 1
    },
    "items" : [ {
      "uid" : "646098529c46ca32",
      "reportUrl" : "http://example.org/build#13/AllureReport/#testresult/646098529c46ca32",
      "status" : "passed",
      "time" : {
        "start" : 1626842359445,
        "stop" : 1626842359895,
        "duration" : 450
      }
    } ]
  },
  "795789f08f950741430813bc89cb26a6" : {
    "statistic" : {
      "failed" : 1,
      "broken" : 0,
      "skipped" : 0,
      "passed" : 0,
      "unknown" : 0,
      "total" : 1
    },
    "items" : [ {
      "uid" : "a21019f5e91cf426",
      "reportUrl" : "http://example.org/build#13/AllureReport/#testresult/a21019f5e91cf426",
      "status" : "failed",
      "statusDetails" : "AssertionError: \u001B[93m\n\nassert_expectations() called at\u001B[0m\n\u001B[4m\u001B[94m\"/Users/neerajsharma/AutomationProjects/IndependentAutomation/framework_webtesting/test_api/test_web_be_api.py:32\"\u001B[0m\u001B[93m in test_web_be_api_url()\n\n\u001B[91m\u001B[4mFailed Expectations : 1\n\u001B[0m\n1: \u001B[91mFailed at \"\u001B[0m\u001B[94m\u001B[4m/Users/neerajsharma/AutomationProjects/IndependentAutomation/framework_webtesting/test_api/test_web_be_api.py:29\u001B[0m\u001B[91m\", in test_web_be_api_url()\n\t\u001B[1m\u001B[4mErrorMessage:\u001B[0m\u001B[91m\tExpected message: Ok and actual message: OK not matching\u001B[0m\n            delayed_assert.expect(argvals['ExpectedMessage'] == rs_json['message'],",
      "time" : {
        "start" : 1626842360545,
        "stop" : 1626842360770,
        "duration" : 225
      }
    } ]
  },
  "a6f797be131751cfcc325b8336c05209" : {
    "statistic" : {
      "failed" : 1,
      "broken" : 0,
      "skipped" : 0,
      "passed" : 0,
      "unknown" : 0,
      "total" : 1
    },
    "items" : [ {
      "uid" : "313435dafc39bc21",
      "reportUrl" : "http://example.org/build#13/AllureReport/#testresult/313435dafc39bc21",
      "status" : "failed",
      "statusDetails" : "AssertionError: \u001B[93m\n\nassert_expectations() called at\u001B[0m\n\u001B[4m\u001B[94m\"/Users/neerajsharma/AutomationProjects/IndependentAutomation/framework_webtesting/test_api/test_web_be_api.py:32\"\u001B[0m\u001B[93m in test_web_be_api_url()\n\n\u001B[91m\u001B[4mFailed Expectations : 1\n\u001B[0m\n1: \u001B[91mFailed at \"\u001B[0m\u001B[94m\u001B[4m/Users/neerajsharma/AutomationProjects/IndependentAutomation/framework_webtesting/test_api/test_web_be_api.py:29\u001B[0m\u001B[91m\", in test_web_be_api_url()\n\t\u001B[1m\u001B[4mErrorMessage:\u001B[0m\u001B[91m\tExpected message: Ok and actual message: OK not matching\u001B[0m\n            delayed_assert.expect(argvals['ExpectedMessage'] == rs_json['message'],",
      "time" : {
        "start" : 1626842360994,
        "stop" : 1626842361234,
        "duration" : 240
      }
    } ]
  },
  "89f876471e1207d7dd5d0d5127c3f52f" : {
    "statistic" : {
      "failed" : 0,
      "broken" : 0,
      "skipped" : 0,
      "passed" : 1,
      "unknown" : 0,
      "total" : 1
    },
    "items" : [ {
      "uid" : "1271e5256067519b",
      "reportUrl" : "http://example.org/build#13/AllureReport/#testresult/1271e5256067519b",
      "status" : "passed",
      "time" : {
        "start" : 1626842360783,
        "stop" : 1626842360990,
        "duration" : 207
      }
    } ]
  },
  "55411a621b861c0002a314d4cbaad222" : {
    "statistic" : {
      "failed" : 0,
      "broken" : 0,
      "skipped" : 0,
      "passed" : 1,
      "unknown" : 0,
      "total" : 1
    },
    "items" : [ {
      "uid" : "58e1bf7fb73cb17c",
      "reportUrl" : "http://example.org/build#13/AllureReport/#testresult/58e1bf7fb73cb17c",
      "status" : "passed",
      "time" : {
        "start" : 1626842360370,
        "stop" : 1626842360541,
        "duration" : 171
      }
    } ]
  },
  "1c375761f674db1ff5a6ad4b2d39b428" : {
    "statistic" : {
      "failed" : 0,
      "broken" : 0,
      "skipped" : 0,
      "passed" : 1,
      "unknown" : 0,
      "total" : 1
    },
    "items" : [ {
      "uid" : "f1a70b995fbad294",
      "reportUrl" : "http://example.org/build#13/AllureReport/#testresult/f1a70b995fbad294",
      "status" : "passed",
      "time" : {
        "start" : 1626842360066,
        "stop" : 1626842360366,
        "duration" : 300
      }
    } ]
  },
  "c777656995fd71507a871980b6ed0bbc" : {
    "statistic" : {
      "failed" : 0,
      "broken" : 0,
      "skipped" : 0,
      "passed" : 1,
      "unknown" : 0,
      "total" : 1
    },
    "items" : [ {
      "uid" : "cba02be1646c6e70",
      "reportUrl" : "http://example.org/build#13/AllureReport/#testresult/cba02be1646c6e70",
      "status" : "passed",
      "time" : {
        "start" : 1626842359899,
        "stop" : 1626842360062,
        "duration" : 163
      }
    } ]
  },
  "e7fa5538189f939db2d2a7adb6439db5" : {
    "statistic" : {
      "failed" : 1,
      "broken" : 0,
      "skipped" : 0,
      "passed" : 0,
      "unknown" : 0,
      "total" : 1
    },
    "items" : [ {
      "uid" : "f569a4f9c3ae117a",
      "reportUrl" : "http://example.org/build#13/AllureReport/#testresult/f569a4f9c3ae117a",
      "status" : "failed",
      "statusDetails" : "AssertionError: \u001B[93m\n\nassert_expectations() called at\u001B[0m\n\u001B[4m\u001B[94m\"/Users/neerajsharma/AutomationProjects/IndependentAutomation/framework_webtesting/test_api/test_web_be_api.py:32\"\u001B[0m\u001B[93m in test_web_be_api_url()\n\n\u001B[91m\u001B[4mFailed Expectations : 1\n\u001B[0m\n1: \u001B[91mFailed at \"\u001B[0m\u001B[94m\u001B[4m/Users/neerajsharma/AutomationProjects/IndependentAutomation/framework_webtesting/test_api/test_web_be_api.py:29\u001B[0m\u001B[91m\", in test_web_be_api_url()\n\t\u001B[1m\u001B[4mErrorMessage:\u001B[0m\u001B[91m\tExpected message: The code field is required. and actual message: The given data was invalid. not matching\u001B[0m\n            delayed_assert.expect(argvals['ExpectedMessage'] == rs_json['message'],",
      "time" : {
        "start" : 1626842361243,
        "stop" : 1626842361476,
        "duration" : 233
      }
    } ]
  }
}