{
  "uid" : "4b4757e66a1912dae1a509f688f20b0f",
  "name" : "categories",
  "children" : [ {
    "name" : "Test defects",
    "children" : [ {
      "name" : "KeyError: 'ExpectedMessage'",
      "children" : [ {
        "name" : "test_redirct_callback_url[argvals1]",
        "uid" : "1e55fc1d564d75c1",
        "parentUid" : "bf3e7b4e7c7dc8baea2d24f21ac65301",
        "status" : "broken",
        "time" : {
          "start" : 1626840897964,
          "stop" : 1626840898131,
          "duration" : 167
        },
        "flaky" : false,
        "newFailed" : false,
        "parameters" : [ "{'Runmode': 'Y', 'Endpoint': '/sso/callback', 'Code': '98765432099876543209987654', 'ExpectedStatusCode': 422.0, 'ExpectedError': 'The code must be at least 30 characters.'}" ]
      }, {
        "name" : "test_redirct_callback_url[argvals3]",
        "uid" : "3699b877488a2d0a",
        "parentUid" : "bf3e7b4e7c7dc8baea2d24f21ac65301",
        "status" : "broken",
        "time" : {
          "start" : 1626840898440,
          "stop" : 1626840898599,
          "duration" : 159
        },
        "flaky" : false,
        "newFailed" : false,
        "parameters" : [ "{'Runmode': 'Y', 'Endpoint': '/sso/callback', 'Code': '', 'ExpectedStatusCode': 422.0, 'ExpectedError': 'The code field is required.'}" ]
      } ],
      "uid" : "bf3e7b4e7c7dc8baea2d24f21ac65301"
    } ],
    "uid" : "bdbf199525818fae7a8651db9eafe741"
  }, {
    "name" : "Product defects",
    "children" : [ {
      "name" : "AssertionError: \u001B[93m\n\nassert_expectations() called at\u001B[0m\n\u001B[4m\u001B[94m\"/Users/neerajsharma/AutomationProjects/IndependentAutomation/framework_webtesting/test_api/test_web_be_api.py:32\"\u001B[0m\u001B[93m in test_web_be_api_url()\n\n\u001B[91m\u001B[4mFailed Expectations : 1\n\u001B[0m\n1: \u001B[91mFailed at \"\u001B[0m\u001B[94m\u001B[4m/Users/neerajsharma/AutomationProjects/IndependentAutomation/framework_webtesting/test_api/test_web_be_api.py:29\u001B[0m\u001B[91m\", in test_web_be_api_url()\n\t\u001B[1m\u001B[4mErrorMessage:\u001B[0m\u001B[91m\tExpected message and actual message: OK not matching\u001B[0m\n            delayed_assert.expect(argvals['ExpectedMessage'] == rs_json['message'],",
      "children" : [ {
        "name" : "test_web_be_api_url[argvals0]",
        "uid" : "ff5e599952f66e62",
        "parentUid" : "1fa2061a75998cf3a6c685196000285e",
        "status" : "failed",
        "time" : {
          "start" : 1626840898606,
          "stop" : 1626840898816,
          "duration" : 210
        },
        "flaky" : false,
        "newFailed" : false,
        "parameters" : [ "{'Runmode': 'Y', 'Endpoint': '/v1/api/sso/callback', 'Code': '9876543209987654320998765432099876543209', 'ExpectedStatusCode': 200.0, 'ExpectedMessage': 'Ok'}" ]
      }, {
        "name" : "test_web_be_api_url[argvals2]",
        "uid" : "c3d8b3581592f6e5",
        "parentUid" : "1fa2061a75998cf3a6c685196000285e",
        "status" : "failed",
        "time" : {
          "start" : 1626840899034,
          "stop" : 1626840899259,
          "duration" : 225
        },
        "flaky" : false,
        "newFailed" : false,
        "parameters" : [ "{'Runmode': 'Y', 'Endpoint': '/v1/api/sso/callback', 'Code': '087698769876987698769876123456', 'ExpectedStatusCode': 200.0, 'ExpectedMessage': 'Ok'}" ]
      } ],
      "uid" : "1fa2061a75998cf3a6c685196000285e"
    }, {
      "name" : "AssertionError: \u001B[93m\n\nassert_expectations() called at\u001B[0m\n\u001B[4m\u001B[94m\"/Users/neerajsharma/AutomationProjects/IndependentAutomation/framework_webtesting/test_api/test_web_be_api.py:32\"\u001B[0m\u001B[93m in test_web_be_api_url()\n\n\u001B[91m\u001B[4mFailed Expectations : 1\n\u001B[0m\n1: \u001B[91mFailed at \"\u001B[0m\u001B[94m\u001B[4m/Users/neerajsharma/AutomationProjects/IndependentAutomation/framework_webtesting/test_api/test_web_be_api.py:29\u001B[0m\u001B[91m\", in test_web_be_api_url()\n\t\u001B[1m\u001B[4mErrorMessage:\u001B[0m\u001B[91m\tExpected message and actual message: The given data was invalid. not matching\u001B[0m\n            delayed_assert.expect(argvals['ExpectedMessage'] == rs_json['message'],",
      "children" : [ {
        "name" : "test_web_be_api_url[argvals3]",
        "uid" : "997533071d39ac81",
        "parentUid" : "68f2759a4348e6577503b9f7f6c0d9d2",
        "status" : "failed",
        "time" : {
          "start" : 1626840899266,
          "stop" : 1626840899509,
          "duration" : 243
        },
        "flaky" : false,
        "newFailed" : false,
        "parameters" : [ "{'Runmode': 'Y', 'Endpoint': '/v1/api/sso/callback', 'Code': '', 'ExpectedStatusCode': 422.0, 'ExpectedMessage': 'The code field is required.'}" ]
      } ],
      "uid" : "68f2759a4348e6577503b9f7f6c0d9d2"
    } ],
    "uid" : "8fb3a91ba5aaf9de24cc8a92edc82b5d"
  } ]
}